🚀 Değerlendirme (Judge) süreci config üzerinden başlatılıyor...
------------------------------------------------------------
Gönderilen İş: Suffix='' | Temp='0.0'
Submitted batch job 582998
İş tamamlandı! Bir sonraki kombinasyona geçiliyor.
------------------------------------------------------------
Gönderilen İş: Suffix='' | Temp='0.3'
Submitted batch job 582999
İş tamamlandı! Bir sonraki kombinasyona geçiliyor.
------------------------------------------------------------
Gönderilen İş: Suffix='' | Temp='0.9'
Submitted batch job 583000
İş tamamlandı! Bir sonraki kombinasyona geçiliyor.
------------------------------------------------------------
Gönderilen İş: Suffix='' | Temp='1.2'
Submitted batch job 583001
İş tamamlandı! Bir sonraki kombinasyona geçiliyor.
------------------------------------------------------------
Gönderilen İş: Suffix='_64' | Temp='0.0'
Submitted batch job 583002
İş tamamlandı! Bir sonraki kombinasyona geçiliyor.
------------------------------------------------------------
Gönderilen İş: Suffix='_64' | Temp='0.3'
Submitted batch job 583003
İş tamamlandı! Bir sonraki kombinasyona geçiliyor.
------------------------------------------------------------
Gönderilen İş: Suffix='_64' | Temp='0.9'
Submitted batch job 583004
İş tamamlandı! Bir sonraki kombinasyona geçiliyor.
------------------------------------------------------------
Gönderilen İş: Suffix='_64' | Temp='1.2'
Submitted batch job 583005
İş tamamlandı! Bir sonraki kombinasyona geçiliyor.
------------------------------------------------------------
Gönderilen İş: Suffix='_128' | Temp='0.0'
Submitted batch job 583006
slurmstepd: error: *** JOB 582997 ON novasearchdl CANCELLED AT 2026-03-21T14:18:37 ***
