🚀 Değerlendirme (Judge) süreci config üzerinden başlatılıyor...
------------------------------------------------------------
Gönderilen İş: Suffix='_64' | Temp='0.0'
Submitted batch job 583009
İş tamamlandı! Bir sonraki kombinasyona geçiliyor.
------------------------------------------------------------
Gönderilen İş: Suffix='_64' | Temp='0.3'
Submitted batch job 583010
İş tamamlandı! Bir sonraki kombinasyona geçiliyor.
------------------------------------------------------------
Gönderilen İş: Suffix='_64' | Temp='0.9'
Submitted batch job 583011
İş tamamlandı! Bir sonraki kombinasyona geçiliyor.
------------------------------------------------------------
Gönderilen İş: Suffix='_64' | Temp='1.2'
Submitted batch job 583012
İş tamamlandı! Bir sonraki kombinasyona geçiliyor.
------------------------------------------------------------
Gönderilen İş: Suffix='_128' | Temp='0.0'
Submitted batch job 583013
İş tamamlandı! Bir sonraki kombinasyona geçiliyor.
------------------------------------------------------------
Gönderilen İş: Suffix='_128' | Temp='0.3'
Submitted batch job 583014
slurmstepd: error: *** JOB 583008 ON novasearchdl CANCELLED AT 2026-03-21T14:27:53 ***
